<?xml version="1.0" encoding="UTF-8"?>
<!-- Generated by org.testng.reporters.JUnitReportReporter -->
<testsuite hostname="Kaushik" failures="0" tests="1" name="com.appium.test.DataWidgetsPageActivityPackageTest" time="26.860" errors="0" timestamp="2024-01-19T17:02:14 IST" skipped="0">
  <testcase classname="com.appium.test.DataWidgetsPageActivityPackageTest" name="DateWidgetPageActivityPackage" time="26.860"/>
</testsuite> <!-- com.appium.test.DataWidgetsPageActivityPackageTest -->
