<?xml version="1.0" encoding="UTF-8"?>
<!-- Generated by org.testng.reporters.JUnitReportReporter -->
<testsuite hostname="Kaushik" failures="0" tests="3" name="com.appium.test.WifiSettingsTest" time="75.958" errors="0" timestamp="2024-01-19T17:34:54 IST" skipped="0">
  <testcase classname="com.appium.test.WifiSettingsTest" name="WifiSettings" time="31.673"/>
  <testcase classname="com.appium.test.WifiSettingsTest" name="WifiSettings" time="22.036"/>
  <testcase classname="com.appium.test.WifiSettingsTest" name="WifiSettings" time="22.249"/>
</testsuite> <!-- com.appium.test.WifiSettingsTest -->
