<?xml version="1.0" encoding="UTF-8"?>
<!-- Generated by org.testng.reporters.JUnitReportReporter -->
<testsuite hostname="Kaushik" failures="0" tests="1" name="com.appium.test.DataWidgetsPageActivityPackageTest" time="28.117" errors="0" timestamp="2024-01-19T18:12:11 IST" skipped="0">
  <testcase classname="com.appium.test.DataWidgetsPageActivityPackageTest" name="DateWidgetPageActivityPackage" time="28.117"/>
</testsuite> <!-- com.appium.test.DataWidgetsPageActivityPackageTest -->
